<?xml version="1.0" encoding="UTF-8"?>
<testsuite name="parking.AddressTest" tests="4" skipped="0" failures="0" errors="0" timestamp="2025-10-06T02:58:24" hostname="Mac.lan" time="0.01">
  <properties/>
  <testcase name="testToStringDelegatesToGetAddressInfo()" classname="parking.AddressTest" time="0.007"/>
  <testcase name="testGetAddressInfoWithNullStreet2()" classname="parking.AddressTest" time="0.001"/>
  <testcase name="testGetAddressInfoFullAddress()" classname="parking.AddressTest" time="0.001"/>
  <testcase name="testGetAddressInfoWithoutStreet2()" classname="parking.AddressTest" time="0.0"/>
  <system-out><![CDATA[]]></system-out>
  <system-err><![CDATA[]]></system-err>
</testsuite>
